<?xml version="1.0" encoding="UTF-8"?>
<!-- Generated by org.testng.reporters.JUnitReportReporter -->
<testsuite hostname="DESKTOP-4JRUH8O" failures="0" tests="3" name="App.Test.AppVali.TestPixel2" time="17.021" errors="1" timestamp="2023-10-12T12:37:27 IST" skipped="2">
  <testcase classname="App.Test.AppVali.TestPixel2" name="test_aos_option" time="0.000">
    <skipped/>
  </testcase> <!-- test_aos_option -->
  <system-out/>
  <testcase classname="App.Test.AppVali.TestPixel2" name="configureAppium" time="17.021">
    <error message="Could not start a new session. Response code 500. Message: An unknown server-side error occurred while processing the command. Original error: Could not proxy command to the remote server. Original error: socket hang up 
Host info: host: &#039;DESKTOP-4JRUH8O&#039;, ip: &#039;172.29.48.1&#039;
Build info: version: &#039;4.14.0&#039;, revision: &#039;e5a96349ce&#039;
System info: os.name: &#039;Windows 10&#039;, os.arch: &#039;amd64&#039;, os.version: &#039;10.0&#039;, java.version: &#039;17.0.1&#039;
Driver info: io.appium.java_client.android.AndroidDriver
Command: [null, newSession {capabilities=[{appium:chromedriverExecutable=C:\Users\Selenium\chromedriverM.exe, appium:deviceName=pixel_7, platformName=ANDROID, appium:automationName=UIAutomator2, appium:app=C:\Users\rti\eclipse-workspace\AppValidation\AppVali\resource\ApiDemos-debug.apk}], desiredCapabilities=Capabilities {appium:app: C:\Users\rti\eclipse-worksp..., appium:automationName: UIAutomator2, appium:chromedriverExecutable: C:\Users\Selenium\chromedri..., appium:deviceName: pixel_7, platformName: ANDROID}}]
Capabilities {appium:app: C:\Users\rti\eclipse-worksp..., appium:automationName: UIAutomator2, appium:chromedriverExecutable: C:\Users\Selenium\chromedri..., appium:deviceName: pixel_7, platformName: ANDROID}" type="org.openqa.selenium.SessionNotCreatedException">
      <![CDATA[org.openqa.selenium.SessionNotCreatedException: Could not start a new session. Response code 500. Message: An unknown server-side error occurred while processing the command. Original error: Could not proxy command to the remote server. Original error: socket hang up 
Host info: host: 'DESKTOP-4JRUH8O', ip: '172.29.48.1'
Build info: version: '4.14.0', revision: 'e5a96349ce'
System info: os.name: 'Windows 10', os.arch: 'amd64', os.version: '10.0', java.version: '17.0.1'
Driver info: io.appium.java_client.android.AndroidDriver
Command: [null, newSession {capabilities=[{appium:chromedriverExecutable=C:\Users\Selenium\chromedriverM.exe, appium:deviceName=pixel_7, platformName=ANDROID, appium:automationName=UIAutomator2, appium:app=C:\Users\rti\eclipse-workspace\AppValidation\AppVali\resource\ApiDemos-debug.apk}], desiredCapabilities=Capabilities {appium:app: C:\Users\rti\eclipse-worksp..., appium:automationName: UIAutomator2, appium:chromedriverExecutable: C:\Users\Selenium\chromedri..., appium:deviceName: pixel_7, platformName: ANDROID}}]
Capabilities {appium:app: C:\Users\rti\eclipse-worksp..., appium:automationName: UIAutomator2, appium:chromedriverExecutable: C:\Users\Selenium\chromedri..., appium:deviceName: pixel_7, platformName: ANDROID}
at org.openqa.selenium.remote.ProtocolHandshake.createSession(ProtocolHandshake.java:140)
at java.base/jdk.internal.reflect.NativeMethodAccessorImpl.invoke0(Native Method)
at java.base/jdk.internal.reflect.NativeMethodAccessorImpl.invoke(NativeMethodAccessorImpl.java:77)
at java.base/jdk.internal.reflect.DelegatingMethodAccessorImpl.invoke(DelegatingMethodAccessorImpl.java:43)
at java.base/java.lang.reflect.Method.invoke(Method.java:568)
at io.appium.java_client.remote.AppiumProtocolHandshake.createSession(AppiumProtocolHandshake.java:133)
at io.appium.java_client.remote.AppiumProtocolHandshake.createSession(AppiumProtocolHandshake.java:102)
at io.appium.java_client.remote.AppiumCommandExecutor.createSession(AppiumCommandExecutor.java:182)
at io.appium.java_client.remote.AppiumCommandExecutor.execute(AppiumCommandExecutor.java:250)
at org.openqa.selenium.remote.RemoteWebDriver.execute(RemoteWebDriver.java:602)
at io.appium.java_client.AppiumDriver.startSession(AppiumDriver.java:274)
at org.openqa.selenium.remote.RemoteWebDriver.<init>(RemoteWebDriver.java:163)
at io.appium.java_client.AppiumDriver.<init>(AppiumDriver.java:89)
at io.appium.java_client.AppiumDriver.<init>(AppiumDriver.java:101)
at io.appium.java_client.android.AndroidDriver.<init>(AndroidDriver.java:113)
at App.Test.AppVali.TestPixel2.configureAppium(TestPixel2.java:65)
at java.base/jdk.internal.reflect.NativeMethodAccessorImpl.invoke0(Native Method)
at java.base/jdk.internal.reflect.NativeMethodAccessorImpl.invoke(NativeMethodAccessorImpl.java:77)
at java.base/jdk.internal.reflect.DelegatingMethodAccessorImpl.invoke(DelegatingMethodAccessorImpl.java:43)
at java.base/java.lang.reflect.Method.invoke(Method.java:568)
at org.testng.internal.MethodInvocationHelper.invokeMethod(MethodInvocationHelper.java:133)
at org.testng.internal.MethodInvocationHelper.invokeMethodConsideringTimeout(MethodInvocationHelper.java:62)
at org.testng.internal.ConfigInvoker.invokeConfigurationMethod(ConfigInvoker.java:385)
at org.testng.internal.ConfigInvoker.invokeConfigurations(ConfigInvoker.java:321)
at org.testng.internal.TestMethodWorker.invokeBeforeClassMethods(TestMethodWorker.java:176)
at org.testng.internal.TestMethodWorker.run(TestMethodWorker.java:122)
at java.base/java.util.ArrayList.forEach(ArrayList.java:1511)
at org.testng.TestRunner.privateRun(TestRunner.java:794)
at org.testng.TestRunner.run(TestRunner.java:596)
at org.testng.SuiteRunner.runTest(SuiteRunner.java:377)
at org.testng.SuiteRunner.runSequentially(SuiteRunner.java:371)
at org.testng.SuiteRunner.privateRun(SuiteRunner.java:332)
at org.testng.SuiteRunner.run(SuiteRunner.java:276)
at org.testng.SuiteRunnerWorker.runSuite(SuiteRunnerWorker.java:53)
at org.testng.SuiteRunnerWorker.run(SuiteRunnerWorker.java:96)
at org.testng.TestNG.runSuitesSequentially(TestNG.java:1212)
at org.testng.TestNG.runSuitesLocally(TestNG.java:1134)
at org.testng.TestNG.runSuites(TestNG.java:1063)
at org.testng.TestNG.run(TestNG.java:1031)
at org.testng.remote.AbstractRemoteTestNG.run(AbstractRemoteTestNG.java:115)
at org.testng.remote.RemoteTestNG.initAndRun(RemoteTestNG.java:251)
at org.testng.remote.RemoteTestNG.main(RemoteTestNG.java:77)
]]>
    </error>
  </testcase> <!-- configureAppium -->
  <system-out/>
  <testcase classname="App.Test.AppVali.TestPixel2" name="test_layout_animations_option_list" time="0.000">
    <skipped/>
  </testcase> <!-- test_layout_animations_option_list -->
  <system-out/>
</testsuite> <!-- App.Test.AppVali.TestPixel2 -->
